D:\SDWU\師大\教學\精修課程\程式設計\105\期末考_POINTER\FINALEXAM104\FINALEXAM104\DEBUG\VC110.PDB
D:\SDWU\師大\教學\精修課程\程式設計\105\期末考_POINTER\FINALEXAM104\FINALEXAM104\DEBUG\FINAL_FUNC.OBJ
D:\SDWU\師大\教學\精修課程\程式設計\105\期末考_POINTER\FINALEXAM104\FINALEXAM104\DEBUG\FINAL_MAIN.OBJ
D:\SDWU\師大\教學\精修課程\程式設計\105\期末考_POINTER\FINALEXAM104\DEBUG\FINALEXAM104.ILK
D:\SDWU\師大\教學\精修課程\程式設計\105\期末考_POINTER\FINALEXAM104\DEBUG\FINALEXAM104.EXE
D:\SDWU\師大\教學\精修課程\程式設計\105\期末考_POINTER\FINALEXAM104\DEBUG\FINALEXAM104.PDB
D:\sdwu\師大\教學\精修課程\程式設計\105\期末考_pointer\finalexam104\finalexam104\Debug\final_func.obj
D:\sdwu\師大\教學\精修課程\程式設計\105\期末考_pointer\finalexam104\finalexam104\Debug\final_main.obj
D:\sdwu\師大\教學\精修課程\程式設計\105\期末考_pointer\finalexam104\finalexam104\Debug\cl.command.1.tlog
D:\sdwu\師大\教學\精修課程\程式設計\105\期末考_pointer\finalexam104\finalexam104\Debug\CL.read.1.tlog
D:\sdwu\師大\教學\精修課程\程式設計\105\期末考_pointer\finalexam104\finalexam104\Debug\CL.write.1.tlog
D:\sdwu\師大\教學\精修課程\程式設計\105\期末考_pointer\finalexam104\finalexam104\Debug\link-cvtres.read.1.tlog
D:\sdwu\師大\教學\精修課程\程式設計\105\期末考_pointer\finalexam104\finalexam104\Debug\link-cvtres.write.1.tlog
D:\sdwu\師大\教學\精修課程\程式設計\105\期末考_pointer\finalexam104\finalexam104\Debug\link-rc.read.1.tlog
D:\sdwu\師大\教學\精修課程\程式設計\105\期末考_pointer\finalexam104\finalexam104\Debug\link-rc.write.1.tlog
D:\sdwu\師大\教學\精修課程\程式設計\105\期末考_pointer\finalexam104\finalexam104\Debug\link.command.1.tlog
D:\sdwu\師大\教學\精修課程\程式設計\105\期末考_pointer\finalexam104\finalexam104\Debug\link.read.1.tlog
D:\sdwu\師大\教學\精修課程\程式設計\105\期末考_pointer\finalexam104\finalexam104\Debug\link.write.1.tlog
D:\sdwu\師大\教學\精修課程\程式設計\105\期末考_pointer\finalexam104\finalexam104\Debug\vc110.idb
D:\sdwu\師大\教學\精修課程\程式設計\105\期末考_pointer\finalexam104\finalexam104\Debug\vc110.pdb
D:\sdwu\師大\教學\精修課程\程式設計\105\期末考_pointer\finalexam104\Debug\finalexam104.pdb
D:\sdwu\師大\教學\精修課程\程式設計\105\期末考_pointer\finalexam104\Debug\finalexam104.exe
D:\sdwu\師大\教學\精修課程\程式設計\105\期末考_pointer\finalexam104\Debug\finalexam104.ilk
