D:\USERS\SDWU\DESKTOP\FINALEXAM104_1512241312\FINALEXAM104\FINALEXAM104\DEBUG\FINAL_FUNC.OBJ
D:\USERS\SDWU\DESKTOP\FINALEXAM104_1512241312\FINALEXAM104\FINALEXAM104\DEBUG\FINAL_MAIN.OBJ
D:\USERS\SDWU\DESKTOP\FINALEXAM104_1512241312\FINALEXAM104\FINALEXAM104\DEBUG\VC110.PDB
D:\USERS\NALE\DOCUMENTS\VISUAL STUDIO 2012\PROJECTS\CPPPROJECT\FINALEXAM104\DEBUG\FINALEXAM104.ILK
D:\USERS\NALE\DOCUMENTS\VISUAL STUDIO 2012\PROJECTS\CPPPROJECT\FINALEXAM104\DEBUG\FINALEXAM104.EXE
D:\USERS\NALE\DOCUMENTS\VISUAL STUDIO 2012\PROJECTS\CPPPROJECT\FINALEXAM104\DEBUG\FINALEXAM104.PDB
D:\USERS\SDWU\DESKTOP\FINALEXAM104_1512241312\FINALEXAM104\DEBUG\FINALEXAM104.ILK
D:\USERS\SDWU\DESKTOP\FINALEXAM104_1512241312\FINALEXAM104\DEBUG\FINALEXAM104.EXE
D:\USERS\SDWU\DESKTOP\FINALEXAM104_1512241312\FINALEXAM104\DEBUG\FINALEXAM104.PDB
D:\Users\sdwu\Desktop\finalexam104_1512241312\finalexam104\finalexam104\Debug\final_func.obj
D:\Users\sdwu\Desktop\finalexam104_1512241312\finalexam104\finalexam104\Debug\final_main.obj
D:\Users\sdwu\Desktop\finalexam104_1512241312\finalexam104\finalexam104\Debug\cl.command.1.tlog
D:\Users\sdwu\Desktop\finalexam104_1512241312\finalexam104\finalexam104\Debug\CL.read.1.tlog
D:\Users\sdwu\Desktop\finalexam104_1512241312\finalexam104\finalexam104\Debug\CL.write.1.tlog
D:\Users\sdwu\Desktop\finalexam104_1512241312\finalexam104\finalexam104\Debug\link-cvtres.read.1.tlog
D:\Users\sdwu\Desktop\finalexam104_1512241312\finalexam104\finalexam104\Debug\link-cvtres.write.1.tlog
D:\Users\sdwu\Desktop\finalexam104_1512241312\finalexam104\finalexam104\Debug\link-rc.read.1.tlog
D:\Users\sdwu\Desktop\finalexam104_1512241312\finalexam104\finalexam104\Debug\link-rc.write.1.tlog
D:\Users\sdwu\Desktop\finalexam104_1512241312\finalexam104\finalexam104\Debug\link.command.1.tlog
D:\Users\sdwu\Desktop\finalexam104_1512241312\finalexam104\finalexam104\Debug\link.read.1.tlog
D:\Users\sdwu\Desktop\finalexam104_1512241312\finalexam104\finalexam104\Debug\link.write.1.tlog
D:\Users\sdwu\Desktop\finalexam104_1512241312\finalexam104\finalexam104\Debug\vc110.idb
D:\Users\sdwu\Desktop\finalexam104_1512241312\finalexam104\finalexam104\Debug\vc110.pdb
D:\Users\sdwu\Desktop\finalexam104_1512241312\finalexam104\Debug\finalexam104.pdb
D:\Users\sdwu\Desktop\finalexam104_1512241312\finalexam104\Debug\finalexam104.exe
D:\Users\sdwu\Desktop\finalexam104_1512241312\finalexam104\Debug\finalexam104.ilk
