c:\users\antares\desktop\庭妤的資料\程式設計\程式練習\w4 quiz4 practice\w4 quiz practice\debug\vc142.pdb
c:\users\antares\desktop\庭妤的資料\程式設計\程式練習\w4 quiz4 practice\w4 quiz practice\debug\vc142.idb
c:\users\antares\desktop\庭妤的資料\程式設計\程式練習\w4 quiz4 practice\w4 quiz practice\debug\40873038h_quiz4_main.obj
c:\users\antares\desktop\庭妤的資料\程式設計\程式練習\w4 quiz4 practice\w4 quiz practice\debug\40873038h_quiz4_calpi.obj
c:\users\emily wu\desktop\庭妤的資料\作業\程式設計\程式練習\quiz\w4 quiz4 practice\w4 quiz practice\debug\vc142.pdb
c:\users\emily wu\desktop\庭妤的資料\作業\程式設計\程式練習\quiz\w4 quiz4 practice\w4 quiz practice\debug\vc142.idb
c:\users\emily wu\desktop\庭妤的資料\作業\程式設計\程式練習\quiz\w4 quiz4 practice\w4 quiz practice\debug\40873038h_quiz4_main.obj
c:\users\emily wu\desktop\庭妤的資料\作業\程式設計\程式練習\quiz\w4 quiz4 practice\w4 quiz practice\debug\40873038h_quiz4_calpi.obj
c:\users\antares\desktop\庭妤的資料\程式設計\程式練習\w4 quiz4 practice\debug\w4 quiz practice.exe
c:\users\antares\desktop\庭妤的資料\程式設計\程式練習\w4 quiz4 practice\debug\w4 quiz practice.ilk
c:\users\antares\desktop\庭妤的資料\程式設計\程式練習\w4 quiz4 practice\debug\w4 quiz practice.pdb
c:\users\emily wu\desktop\庭妤的資料\作業\程式設計\程式練習\quiz\w4 quiz4 practice\w4 quiz practice\debug\w4 quiz practice.ilk
c:\users\emily wu\desktop\庭妤的資料\作業\程式設計\程式練習\quiz\w4 quiz4 practice\debug\w4 quiz practice.exe
c:\users\emily wu\desktop\庭妤的資料\作業\程式設計\程式練習\quiz\w4 quiz4 practice\debug\w4 quiz practice.pdb
c:\users\emily wu\desktop\庭妤的資料\作業\程式設計\程式練習\quiz\w4 quiz4 practice\debug\w4 quiz practice.ilk
c:\users\emily wu\desktop\庭妤的資料\作業\程式設計\程式練習\quiz\w4 quiz4 practice\w4 quiz practice\debug\w4 quiz practice.tlog\cl.command.1.tlog
c:\users\emily wu\desktop\庭妤的資料\作業\程式設計\程式練習\quiz\w4 quiz4 practice\w4 quiz practice\debug\w4 quiz practice.tlog\cl.read.1.tlog
c:\users\emily wu\desktop\庭妤的資料\作業\程式設計\程式練習\quiz\w4 quiz4 practice\w4 quiz practice\debug\w4 quiz practice.tlog\cl.write.1.tlog
c:\users\emily wu\desktop\庭妤的資料\作業\程式設計\程式練習\quiz\w4 quiz4 practice\w4 quiz practice\debug\w4 quiz practice.tlog\link.command.1.tlog
c:\users\emily wu\desktop\庭妤的資料\作業\程式設計\程式練習\quiz\w4 quiz4 practice\w4 quiz practice\debug\w4 quiz practice.tlog\link.read.1.tlog
c:\users\emily wu\desktop\庭妤的資料\作業\程式設計\程式練習\quiz\w4 quiz4 practice\w4 quiz practice\debug\w4 quiz practice.tlog\link.write.1.tlog
